14:31:12.773 T:1926167040  NOTICE: special://profile/ is mapped to: special://masterprofile/
14:31:12.773 T:1926167040  NOTICE: -----------------------------------------------------------------------
14:31:12.773 T:1926167040  NOTICE: Starting Kodi (17.6). Platform: Linux ARM (Thumb) 32-bit
14:31:12.773 T:1926167040  NOTICE: Using Release Kodi x32 build (version for Raspberry Pi)
14:31:12.773 T:1926167040  NOTICE: Kodi compiled Jun  7 2018 by GCC 6.3.0 for Linux ARM (Thumb) 32-bit version 4.9.30 (264478)
14:31:12.773 T:1926167040  NOTICE: Running on Open Source Media Center 2018.10-1, kernel: Linux ARM 32-bit version 4.14.78-2-osmc
14:31:12.774 T:1926167040  NOTICE: FFmpeg version/source: ffmpeg-3.1-kodi
14:31:12.774 T:1926167040  NOTICE: Host CPU: ARMv7 Processor rev 4 (v7l), 4 cores available
14:31:12.774 T:1926167040  NOTICE: ARM Features: Neon disabled
14:31:12.774 T:1926167040  NOTICE: special://xbmc/ is mapped to: /usr/share/kodi
14:31:12.774 T:1926167040  NOTICE: special://xbmcbin/ is mapped to: /usr/lib/kodi
14:31:12.774 T:1926167040  NOTICE: special://xbmcbinaddons/ is mapped to: /usr/lib/kodi/addons
14:31:12.774 T:1926167040  NOTICE: special://masterprofile/ is mapped to: /home/osmc/.kodi/userdata
14:31:12.774 T:1926167040  NOTICE: special://envhome/ is mapped to: /home/osmc
14:31:12.774 T:1926167040  NOTICE: special://home/ is mapped to: /home/osmc/.kodi
14:31:12.774 T:1926167040  NOTICE: special://temp/ is mapped to: /home/osmc/.kodi/temp
14:31:12.774 T:1926167040  NOTICE: special://logpath/ is mapped to: /home/osmc/.kodi/temp
14:31:12.774 T:1926167040  NOTICE: The executable running is: /usr/lib/kodi/kodi.bin
14:31:12.774 T:1926167040  NOTICE: Local hostname: osmc
14:31:12.774 T:1926167040  NOTICE: Log File is located: /home/osmc/.kodi/temp//kodi.log
14:31:12.774 T:1926167040  NOTICE: -----------------------------------------------------------------------
14:31:12.958 T:1926167040   ERROR: DBus: Error org.freedesktop.DBus.Error.ServiceUnknown - The name org.freedesktop.UPower was not provided by any .service files
14:31:13.025 T:1926167040  NOTICE: load settings...
14:31:13.111 T:1926167040  NOTICE: Found 2 Lists of Devices
14:31:13.111 T:1926167040  NOTICE: Enumerated PI devices:
14:31:13.111 T:1926167040  NOTICE:     Device 1
14:31:13.111 T:1926167040  NOTICE:         m_deviceName      : HDMI
14:31:13.111 T:1926167040  NOTICE:         m_displayName     : HDMI
14:31:13.111 T:1926167040  NOTICE:         m_displayNameExtra:
14:31:13.111 T:1926167040  NOTICE:         m_deviceType      : AE_DEVTYPE_HDMI
14:31:13.111 T:1926167040  NOTICE:         m_channels        : FL,FR
14:31:13.111 T:1926167040  NOTICE:         m_sampleRates     : 8000,11025,16000,22050,24000,32000,44100,48000,88200,96000,176400,192000
14:31:13.111 T:1926167040  NOTICE:         m_dataFormats     : AE_FMT_FLOAT,AE_FMT_S32NE,AE_FMT_S16NE,AE_FMT_S32LE,AE_FMT_S16LE,AE_FMT_FLOATP,AE_FMT_S32NEP,AE_FMT_S16NEP,AE_FMT_RAW
14:31:13.111 T:1926167040  NOTICE:         m_streamTypes     : STREAM_TYPE_AC3,STREAM_TYPE_EAC3,STREAM_TYPE_DTSHD_CORE,STREAM_TYPE_DTS_2048,STREAM_TYPE_DTS_1024,STREAM_TYPE_DTS_512
14:31:13.112 T:1926167040  NOTICE:     Device 2
14:31:13.112 T:1926167040  NOTICE:         m_deviceName      : Analogue
14:31:13.112 T:1926167040  NOTICE:         m_displayName     : Analogue
14:31:13.112 T:1926167040  NOTICE:         m_displayNameExtra:
14:31:13.112 T:1926167040  NOTICE:         m_deviceType      : AE_DEVTYPE_PCM
14:31:13.112 T:1926167040  NOTICE:         m_channels        : FL,FR
14:31:13.112 T:1926167040  NOTICE:         m_sampleRates     : 48000
14:31:13.112 T:1926167040  NOTICE:         m_dataFormats     : AE_FMT_FLOAT,AE_FMT_S32LE,AE_FMT_S16LE,AE_FMT_FLOATP,AE_FMT_S32NEP,AE_FMT_S16NEP
14:31:13.112 T:1926167040  NOTICE:         m_streamTypes     : No passthrough capabilities
14:31:13.112 T:1926167040  NOTICE:     Device 3
14:31:13.112 T:1926167040  NOTICE:         m_deviceName      : Both
14:31:13.112 T:1926167040  NOTICE:         m_displayName     : HDMI and Analogue
14:31:13.112 T:1926167040  NOTICE:         m_displayNameExtra:
14:31:13.112 T:1926167040  NOTICE:         m_deviceType      : AE_DEVTYPE_PCM
14:31:13.112 T:1926167040  NOTICE:         m_channels        : FL,FR
14:31:13.112 T:1926167040  NOTICE:         m_sampleRates     : 48000
14:31:13.112 T:1926167040  NOTICE:         m_dataFormats     : AE_FMT_FLOAT,AE_FMT_S32LE,AE_FMT_S16LE,AE_FMT_FLOATP,AE_FMT_S32NEP,AE_FMT_S16NEP
14:31:13.112 T:1926167040  NOTICE:         m_streamTypes     : No passthrough capabilities
14:31:13.112 T:1926167040  NOTICE: Enumerated ALSA devices:
14:31:13.112 T:1926167040  NOTICE:     Device 1
14:31:13.112 T:1926167040  NOTICE:         m_deviceName      : @
14:31:13.112 T:1926167040  NOTICE:         m_displayName     : Default (bcm2835 ALSA bcm2835 ALSA)
14:31:13.112 T:1926167040  NOTICE:         m_displayNameExtra:
14:31:13.112 T:1926167040  NOTICE:         m_deviceType      : AE_DEVTYPE_PCM
14:31:13.112 T:1926167040  NOTICE:         m_channels        : FL,FR
14:31:13.112 T:1926167040  NOTICE:         m_sampleRates     : 8000,11025,16000,22050,32000,44100,48000
14:31:13.112 T:1926167040  NOTICE:         m_dataFormats     : AE_FMT_S16NE,AE_FMT_S16LE,AE_FMT_U8
14:31:13.112 T:1926167040  NOTICE:         m_streamTypes     : No passthrough capabilities
14:31:13.131 T:1926167040  NOTICE: Loaded settings file from special://xbmc/system/advancedsettings.xml
14:31:13.132 T:1926167040  NOTICE: Contents of special://xbmc/system/advancedsettings.xml are...
                                            <?xml version="1.0" encoding="UTF-8" ?>
                                            <!-- Do not modify! These are OSMC Optimised Settings for your device  !-->
                                            <!-- If you wish to override any of these values, then create a file in /home/osmc/.kodi/userdata/advancedsettings.xml !-->
                                            <!-- It will override these settings, and your settings will be preserved across OSMC updates !-->
                                            <advancedsettings>
                                              <imageres>540</imageres>
                                              <fanartres>720</fanartres>
                                              <splash>false</splash>
                                              <handlemounting>0</handlemounting>
                                              <samba>
                                                <clienttimeout>30</clienttimeout>
                                              </samba>
                                            </advancedsettings>
14:31:13.133 T:1926167040  NOTICE: No settings file to load (special://masterprofile/advancedsettings.xml)
14:31:13.133 T:1926167040  NOTICE: Default Video Player: VideoPlayer
14:31:13.133 T:1926167040  NOTICE: Default Audio Player: paplayer
14:31:13.133 T:1926167040  NOTICE: Disabled debug logging due to GUI setting. Level 0.
14:31:13.134 T:1926167040  NOTICE: Log level changed to "LOG_LEVEL_NORMAL"
14:31:13.134 T:1926167040  NOTICE: CMediaSourceSettings: loading media sources from special://masterprofile/sources.xml
14:31:13.139 T:1926167040  NOTICE: Loading player core factory settings from special://xbmc/system/playercorefactory.xml.
14:31:13.140 T:1926167040  NOTICE: Loaded playercorefactory configuration
14:31:13.140 T:1926167040  NOTICE: Loading player core factory settings from special://masterprofile/playercorefactory.xml.
14:31:13.140 T:1926167040  NOTICE: special://masterprofile/playercorefactory.xml does not exist. Skipping.
14:31:13.345 T:1926167040  NOTICE: Running database version Addons27
14:31:14.027 T:1926167040  NOTICE: ADDONS: Using repository repository.xbmc.org
14:31:14.295 T:1926167040  NOTICE: Raspberry PI firmware version: Oct 23 2018 14:41:50 
                                            Copyright (c) 2012 Broadcom
                                            version 724d81b3f87eb71045e938e572eca140fb8828ab (clean) (release)
14:31:14.295 T:1926167040  NOTICE: ARM mem: 768MB GPU mem: 256MB MPG2:0 WVC1:0
14:31:14.295 T:1926167040  NOTICE: cache.memorysize: 20MB libass.cache: 0MB
14:31:14.296 T:1926167040  NOTICE: Config:
                                            aphy_params_current=819
                                            arm_freq=1200
                                            audio_pwm_mode=514
                                            config_hdmi_boost=5
                                            core_freq=400
                                            desired_osc_freq=0x36ee80
                                            disable_commandline_tags=2
                                            disable_l2cache=1
                                            disable_splash=1
                                            display_hdmi_rotate=-1
                                            display_lcd_rotate=-1
                                            dphy_params_current=547
                                            force_eeprom_read=1
                                            force_pwm_open=1
                                            framebuffer_ignore_alpha=1
                                            framebuffer_swap=1
                                            gpu_freq=300
                                            hdmi_channel_map=8
                                            hdmi_force_cec_address=65535
                                            hdmi_ignore_cec_init=1
                                            init_uart_clock=0x2dc6c00
                                            lcd_framerate=60
                                            over_voltage_avs=62500
                                            pause_burst_frames=1
                                            program_serial_random=1
                                            sdram_freq=400
                                            sdtv_aspect=1
14:31:14.296 T:1926167040  NOTICE: Config:
                                            device_tree=-
14:31:14.310 T:1926167040  NOTICE: InitWindowSystem: Using EGL Implementation: raspberrypi
14:31:14.311 T:1926167040  NOTICE: Found resolution 640 x 480 for display 0 with 640 x 480 @ 60.000000 Hz
14:31:14.312 T:1926167040  NOTICE: Found resolution 640 x 480 for display 0 with 640 x 480 @ 59.940063 Hz
14:31:14.312 T:1926167040  NOTICE: Found resolution 640 x 480 for display 0 with 640 x 480 @ 75.000000 Hz
14:31:14.312 T:1926167040  NOTICE: Found resolution 800 x 600 for display 0 with 800 x 600 @ 56.000000 Hz
14:31:14.312 T:1926167040  NOTICE: Found resolution 800 x 600 for display 0 with 800 x 600 @ 60.000000 Hz
14:31:14.312 T:1926167040  NOTICE: Found resolution 800 x 600 for display 0 with 800 x 600 @ 59.940063 Hz
14:31:14.312 T:1926167040  NOTICE: Found resolution 800 x 600 for display 0 with 800 x 600 @ 75.000000 Hz
14:31:14.312 T:1926167040  NOTICE: Found resolution 1024 x 768 for display 0 with 1024 x 768 @ 60.000000 Hz
14:31:14.312 T:1926167040  NOTICE: Found resolution 1024 x 768 for display 0 with 1024 x 768 @ 59.940063 Hz
14:31:14.312 T:1926167040  NOTICE: Found resolution 1024 x 768 for display 0 with 1024 x 768 @ 75.000000 Hz
14:31:14.312 T:1926167040  NOTICE: Found resolution 1152 x 864 for display 0 with 1152 x 864 @ 75.000000 Hz
14:31:14.312 T:1926167040  NOTICE: Found resolution 1280 x 960 for display 0 with 1280 x 960 @ 60.000000 Hz
14:31:14.312 T:1926167040  NOTICE: Found resolution 1280 x 960 for display 0 with 1280 x 960 @ 59.940063 Hz
14:31:14.312 T:1926167040  NOTICE: Found resolution 1280 x 1024 for display 0 with 1280 x 1024 @ 60.000000 Hz
14:31:14.312 T:1926167040  NOTICE: Found resolution 1280 x 1024 for display 0 with 1280 x 1024 @ 59.940063 Hz
14:31:14.312 T:1926167040  NOTICE: Found resolution 1280 x 1024 for display 0 with 1280 x 1024 @ 75.000000 Hz
14:31:14.312 T:1926167040  NOTICE: Found resolution 1440 x 900 for display 0 with 1440 x 900 @ 60.000000 Hz
14:31:14.312 T:1926167040  NOTICE: Found resolution 1440 x 900 for display 0 with 1440 x 900 @ 59.940063 Hz
14:31:14.312 T:1926167040  NOTICE: Found resolution 1680 x 1050 for display 0 with 1680 x 1050 @ 60.000000 Hz
14:31:14.312 T:1926167040  NOTICE: Found resolution 1680 x 1050 for display 0 with 1680 x 1050 @ 59.940063 Hz
14:31:14.312 T:1926167040  NOTICE: Found (1680x1050@60.000000) at 34, setting to RES_DESKTOP at 16
14:31:14.312 T:1926167040  NOTICE: Checking resolution 16
18:29:04.162 T:1926167040  NOTICE: GL_VENDOR = Broadcom
18:29:04.162 T:1926167040  NOTICE: GL_RENDERER = VideoCore IV HW
18:29:04.162 T:1926167040  NOTICE: GL_VERSION = OpenGL ES 2.0
18:29:04.162 T:1926167040  NOTICE: GL_SHADING_LANGUAGE_VERSION = OpenGL ES GLSL ES 1.00
18:29:04.162 T:1926167040  NOTICE: GL_EXTENSIONS = GL_OES_compressed_ETC1_RGB8_texture GL_OES_compressed_paletted_texture GL_OES_texture_npot GL_OES_depth24 GL_OES_vertex_half_float GL_OES_EGL_image GL_OES_EGL_image_external GL_EXT_discard_framebuffer GL_OES_rgb8_rgba8 GL_OES_depth32 GL_OES_mapbuffer GL_EXT_texture_format_BGRA8888 GL_APPLE_rgb_422 GL_EXT_debug_marker
18:29:07.806 T:1905259264  NOTICE: Running database version Addons27
18:29:07.824 T:1905259264  NOTICE: Running database version ViewModes6
18:29:07.827 T:1905259264  NOTICE: Running database version Textures13
18:29:07.836 T:1796621056  NOTICE: Register - new cec device registered on cec->RPI: CEC Adapter (2708:1001)
18:29:07.840 T:1905259264  NOTICE: Running database version MyMusic60
18:29:07.855 T:1905259264  NOTICE: Running database version MyVideos107
18:29:07.860 T:1905259264  NOTICE: Running database version TV29
18:29:07.862 T:1905259264  NOTICE: Running database version Epg11
18:29:07.865 T:1926167040  NOTICE: start dvd mediatype detection
18:29:09.407 T:1926167040 WARNING: JSONRPC: Could not parse type "Setting.Details.SettingList"
18:29:09.797 T:1926167040  NOTICE: initialize done
18:29:09.797 T:1926167040  NOTICE: Running the application...
18:29:09.804 T:1926167040  NOTICE: starting zeroconf publishing
18:29:09.805 T:1926167040  NOTICE: CWebServer[80]: Started
18:29:09.805 T:1926167040  NOTICE: starting upnp client
18:29:09.857 T:1619784448  NOTICE: ES: Starting UDP Event server on port 9777
18:29:09.858 T:1619784448  NOTICE: UDP: Listening on port 9777 (ipv6 : true)
18:29:32.949 T:1703932672 WARNING: CSkinInfo: failed to load skin settings
18:31:59.755 T:1695544064   ERROR: GetDirectory - Error getting
18:32:00.728 T:1603007232   ERROR: Previous line repeats 2 times.
18:32:00.728 T:1603007232   ERROR: EXCEPTION Thrown (PythonToCppException) : -->Python callback/script returned the following error<--
                                             - NOTE: IGNORING THIS CAN LEAD TO MEMORY LEAKS!
                                            Error Type: <type 'exceptions.AttributeError'>
                                            Error Contents: 'list' object has no attribute 'getButton'
                                            Traceback (most recent call last):
                                              File "/home/osmc/.kodi/addons/script.hello.world/addon.py", line 115, in <module>
                                                Win = MyWindow()
                                              File "/home/osmc/.kodi/addons/script.hello.world/addon.py", line 41, in __init__
                                                self.buttons[0].getButton().setEnabled(True)
                                            AttributeError: 'list' object has no attribute 'getButton'
                                            -->End of Python script error report<--
18:32:00.790 T:1926167040   ERROR: GetDirectory - Error getting plugin://script.hello.world/
18:32:00.790 T:1926167040   ERROR: CGUIMediaWindow::GetDirectory(plugin://script.hello.world/) failed
18:34:23.617 T:1926167040   ERROR: Control 55 in window 10001 has been asked to focus, but it can't
18:34:24.847 T:1603007232 WARNING: ControlList::setItemHeight was called but ... it currently isn't defined to do anything.
18:34:24.848 T:1603007232 WARNING: ControlList::setSpace was called but ... it currently isn't defined to do anything.
18:34:24.848 T:1603007232  NOTICE: Length: 7
18:34:26.402 T:1603007232  NOTICE: 4
18:34:26.404 T:1603007232   ERROR: EXCEPTION Thrown (PythonToCppException) : -->Python callback/script returned the following error<--
                                             - NOTE: IGNORING THIS CAN LEAD TO MEMORY LEAKS!
                                            Error Type: <type 'exceptions.AttributeError'>
                                            Error Contents: 'MyWindow' object has no attribute 'buttonPosition'
                                            Traceback (most recent call last):
                                              File "/home/osmc/.kodi/addons/script.hello.world/addon.py", line 109, in onAction
                                                self.request_down()
                                              File "/home/osmc/.kodi/addons/script.hello.world/addon.py", line 91, in request_down
                                                if self.buttonPosition < len(self.buttons)-1:
                                            AttributeError: 'MyWindow' object has no attribute 'buttonPosition'
                                            -->End of Python script error report<--
18:34:26.922 T:1603007232  NOTICE: 4
18:34:26.923 T:1603007232   ERROR: EXCEPTION Thrown (PythonToCppException) : -->Python callback/script returned the following error<--
                                             - NOTE: IGNORING THIS CAN LEAD TO MEMORY LEAKS!
                                            Error Type: <type 'exceptions.AttributeError'>
                                            Error Contents: 'MyWindow' object has no attribute 'buttonPosition'
                                            Traceback (most recent call last):
                                              File "/home/osmc/.kodi/addons/script.hello.world/addon.py", line 109, in onAction
                                                self.request_down()
                                              File "/home/osmc/.kodi/addons/script.hello.world/addon.py", line 91, in request_down
                                                if self.buttonPosition < len(self.buttons)-1:
                                            AttributeError: 'MyWindow' object has no attribute 'buttonPosition'
                                            -->End of Python script error report<--
18:34:27.338 T:1603007232  NOTICE: 4
18:34:27.339 T:1603007232   ERROR: EXCEPTION Thrown (PythonToCppException) : -->Python callback/script returned the following error<--
                                             - NOTE: IGNORING THIS CAN LEAD TO MEMORY LEAKS!
                                            Error Type: <type 'exceptions.AttributeError'>
                                            Error Contents: 'MyWindow' object has no attribute 'buttonPosition'
                                            Traceback (most recent call last):
                                              File "/home/osmc/.kodi/addons/script.hello.world/addon.py", line 109, in onAction
                                                self.request_down()
                                              File "/home/osmc/.kodi/addons/script.hello.world/addon.py", line 91, in request_down
                                                if self.buttonPosition < len(self.buttons)-1:
                                            AttributeError: 'MyWindow' object has no attribute 'buttonPosition'
                                            -->End of Python script error report<--
18:34:27.649 T:1603007232  NOTICE: 3
18:34:27.650 T:1603007232   ERROR: EXCEPTION Thrown (PythonToCppException) : -->Python callback/script returned the following error<--
                                             - NOTE: IGNORING THIS CAN LEAD TO MEMORY LEAKS!
                                            Error Type: <type 'exceptions.AttributeError'>
                                            Error Contents: 'MyWindow' object has no attribute 'buttonPosition'
                                            Traceback (most recent call last):
                                              File "/home/osmc/.kodi/addons/script.hello.world/addon.py", line 111, in onAction
                                                self.request_up()
                                              File "/home/osmc/.kodi/addons/script.hello.world/addon.py", line 98, in request_up
                                                if self.buttonPosition > 0:
                                            AttributeError: 'MyWindow' object has no attribute 'buttonPosition'
                                            -->End of Python script error report<--
18:34:28.169 T:1603007232  NOTICE: 4
18:34:28.170 T:1603007232   ERROR: EXCEPTION Thrown (PythonToCppException) : -->Python callback/script returned the following error<--
                                             - NOTE: IGNORING THIS CAN LEAD TO MEMORY LEAKS!
                                            Error Type: <type 'exceptions.AttributeError'>
                                            Error Contents: 'MyWindow' object has no attribute 'buttonPosition'
                                            Traceback (most recent call last):
                                              File "/home/osmc/.kodi/addons/script.hello.world/addon.py", line 109, in onAction
                                                self.request_down()
                                              File "/home/osmc/.kodi/addons/script.hello.world/addon.py", line 91, in request_down
                                                if self.buttonPosition < len(self.buttons)-1:
                                            AttributeError: 'MyWindow' object has no attribute 'buttonPosition'
                                            -->End of Python script error report<--
18:34:28.689 T:1603007232  NOTICE: 3
18:34:28.690 T:1603007232   ERROR: EXCEPTION Thrown (PythonToCppException) : -->Python callback/script returned the following error<--
                                             - NOTE: IGNORING THIS CAN LEAD TO MEMORY LEAKS!
                                            Error Type: <type 'exceptions.AttributeError'>
                                            Error Contents: 'MyWindow' object has no attribute 'buttonPosition'
                                            Traceback (most recent call last):
                                              File "/home/osmc/.kodi/addons/script.hello.world/addon.py", line 111, in onAction
                                                self.request_up()
                                              File "/home/osmc/.kodi/addons/script.hello.world/addon.py", line 98, in request_up
                                                if self.buttonPosition > 0:
                                            AttributeError: 'MyWindow' object has no attribute 'buttonPosition'
                                            -->End of Python script error report<--
18:34:28.793 T:1603007232  NOTICE: 1
18:34:29.105 T:1603007232  NOTICE: 2
18:34:29.313 T:1603007232  NOTICE: 4
18:34:29.314 T:1603007232   ERROR: EXCEPTION Thrown (PythonToCppException) : -->Python callback/script returned the following error<--
                                             - NOTE: IGNORING THIS CAN LEAD TO MEMORY LEAKS!
                                            Error Type: <type 'exceptions.AttributeError'>
                                            Error Contents: 'MyWindow' object has no attribute 'buttonPosition'
                                            Traceback (most recent call last):
                                              File "/home/osmc/.kodi/addons/script.hello.world/addon.py", line 109, in onAction
                                                self.request_down()
                                              File "/home/osmc/.kodi/addons/script.hello.world/addon.py", line 91, in request_down
                                                if self.buttonPosition < len(self.buttons)-1:
                                            AttributeError: 'MyWindow' object has no attribute 'buttonPosition'
                                            -->End of Python script error report<--
18:34:29.521 T:1603007232  NOTICE: 1
18:34:29.728 T:1603007232  NOTICE: 3
18:34:29.730 T:1603007232   ERROR: EXCEPTION Thrown (PythonToCppException) : -->Python callback/script returned the following error<--
                                             - NOTE: IGNORING THIS CAN LEAD TO MEMORY LEAKS!
                                            Error Type: <type 'exceptions.AttributeError'>
                                            Error Contents: 'MyWindow' object has no attribute 'buttonPosition'
                                            Traceback (most recent call last):
                                              File "/home/osmc/.kodi/addons/script.hello.world/addon.py", line 111, in onAction
                                                self.request_up()
                                              File "/home/osmc/.kodi/addons/script.hello.world/addon.py", line 98, in request_up
                                                if self.buttonPosition > 0:
                                            AttributeError: 'MyWindow' object has no attribute 'buttonPosition'
                                            -->End of Python script error report<--
18:34:30.144 T:1603007232  NOTICE: 4
18:34:30.145 T:1603007232   ERROR: EXCEPTION Thrown (PythonToCppException) : -->Python callback/script returned the following error<--
                                             - NOTE: IGNORING THIS CAN LEAD TO MEMORY LEAKS!
                                            Error Type: <type 'exceptions.AttributeError'>
                                            Error Contents: 'MyWindow' object has no attribute 'buttonPosition'
                                            Traceback (most recent call last):
                                              File "/home/osmc/.kodi/addons/script.hello.world/addon.py", line 109, in onAction
                                                self.request_down()
                                              File "/home/osmc/.kodi/addons/script.hello.world/addon.py", line 91, in request_down
                                                if self.buttonPosition < len(self.buttons)-1:
                                            AttributeError: 'MyWindow' object has no attribute 'buttonPosition'
                                            -->End of Python script error report<--
18:34:30.456 T:1603007232  NOTICE: 3
18:34:30.457 T:1603007232   ERROR: EXCEPTION Thrown (PythonToCppException) : -->Python callback/script returned the following error<--
                                             - NOTE: IGNORING THIS CAN LEAD TO MEMORY LEAKS!
                                            Error Type: <type 'exceptions.AttributeError'>
                                            Error Contents: 'MyWindow' object has no attribute 'buttonPosition'
                                            Traceback (most recent call last):
                                              File "/home/osmc/.kodi/addons/script.hello.world/addon.py", line 111, in onAction
                                                self.request_up()
                                              File "/home/osmc/.kodi/addons/script.hello.world/addon.py", line 98, in request_up
                                                if self.buttonPosition > 0:
                                            AttributeError: 'MyWindow' object has no attribute 'buttonPosition'
                                            -->End of Python script error report<--
18:34:30.767 T:1603007232  NOTICE: 4
18:34:30.768 T:1603007232   ERROR: EXCEPTION Thrown (PythonToCppException) : -->Python callback/script returned the following error<--
                                             - NOTE: IGNORING THIS CAN LEAD TO MEMORY LEAKS!
                                            Error Type: <type 'exceptions.AttributeError'>
                                            Error Contents: 'MyWindow' object has no attribute 'buttonPosition'
                                            Traceback (most recent call last):
                                              File "/home/osmc/.kodi/addons/script.hello.world/addon.py", line 109, in onAction
                                                self.request_down()
                                              File "/home/osmc/.kodi/addons/script.hello.world/addon.py", line 91, in request_down
                                                if self.buttonPosition < len(self.buttons)-1:
                                            AttributeError: 'MyWindow' object has no attribute 'buttonPosition'
                                            -->End of Python script error report<--
18:34:31.079 T:1603007232  NOTICE: 3
18:34:31.080 T:1603007232   ERROR: EXCEPTION Thrown (PythonToCppException) : -->Python callback/script returned the following error<--
                                             - NOTE: IGNORING THIS CAN LEAD TO MEMORY LEAKS!
                                            Error Type: <type 'exceptions.AttributeError'>
                                            Error Contents: 'MyWindow' object has no attribute 'buttonPosition'
                                            Traceback (most recent call last):
                                              File "/home/osmc/.kodi/addons/script.hello.world/addon.py", line 111, in onAction
                                                self.request_up()
                                              File "/home/osmc/.kodi/addons/script.hello.world/addon.py", line 98, in request_up
                                                if self.buttonPosition > 0:
                                            AttributeError: 'MyWindow' object has no attribute 'buttonPosition'
                                            -->End of Python script error report<--
18:34:31.391 T:1603007232  NOTICE: 4
18:34:31.392 T:1603007232   ERROR: EXCEPTION Thrown (PythonToCppException) : -->Python callback/script returned the following error<--
                                             - NOTE: IGNORING THIS CAN LEAD TO MEMORY LEAKS!
                                            Error Type: <type 'exceptions.AttributeError'>
                                            Error Contents: 'MyWindow' object has no attribute 'buttonPosition'
                                            Traceback (most recent call last):
                                              File "/home/osmc/.kodi/addons/script.hello.world/addon.py", line 109, in onAction
                                                self.request_down()
                                              File "/home/osmc/.kodi/addons/script.hello.world/addon.py", line 91, in request_down
                                                if self.buttonPosition < len(self.buttons)-1:
                                            AttributeError: 'MyWindow' object has no attribute 'buttonPosition'
                                            -->End of Python script error report<--
18:34:32.947 T:1603007232  NOTICE: 10
18:34:33.145 T:1926167040   ERROR: GetDirectory - Error getting plugin://script.hello.world/
18:34:33.145 T:1926167040   ERROR: CGUIMediaWindow::GetDirectory(plugin://script.hello.world/) failed
18:35:07.884 T:1926167040   ERROR: Control 55 in window 10001 has been asked to focus, but it can't
18:35:08.805 T:1603007232 WARNING: ControlList::setItemHeight was called but ... it currently isn't defined to do anything.
18:35:08.805 T:1603007232 WARNING: ControlList::setSpace was called but ... it currently isn't defined to do anything.
18:35:08.805 T:1603007232  NOTICE: Length: 7
18:35:09.629 T:1603007232  NOTICE: 4
18:35:10.150 T:1603007232  NOTICE: 3
18:35:11.085 T:1603007232  NOTICE: Previous line repeats 1 times.
18:35:11.085 T:1603007232  NOTICE: 4
18:35:12.541 T:1603007232  NOTICE: Previous line repeats 2 times.
18:35:12.541 T:1603007232  NOTICE: 3
18:35:13.895 T:1603007232  NOTICE: Previous line repeats 2 times.
18:35:13.895 T:1603007232  NOTICE: 4
18:35:14.937 T:1603007232  NOTICE: Previous line repeats 1 times.
18:35:14.937 T:1603007232  NOTICE: 3
18:35:15.979 T:1603007232  NOTICE: Previous line repeats 1 times.
18:35:15.979 T:1603007232  NOTICE: 4
18:35:17.021 T:1603007232  NOTICE: Previous line repeats 1 times.
18:35:17.021 T:1603007232  NOTICE: 3
18:35:17.857 T:1603007232  NOTICE: Previous line repeats 1 times.
18:35:17.857 T:1603007232  NOTICE: 4
18:35:18.898 T:1603007232  NOTICE: Previous line repeats 1 times.
18:35:18.898 T:1603007232  NOTICE: 3
18:35:19.733 T:1603007232  NOTICE: Previous line repeats 1 times.
18:35:19.733 T:1603007232  NOTICE: 4
18:35:21.085 T:1603007232  NOTICE: Previous line repeats 1 times.
18:35:21.086 T:1603007232  NOTICE: 3
18:35:22.852 T:1603007232  NOTICE: Previous line repeats 1 times.
18:35:22.852 T:1603007232  NOTICE: 10
18:35:23.055 T:1926167040   ERROR: GetDirectory - Error getting plugin://script.hello.world/
18:35:23.055 T:1926167040   ERROR: CGUIMediaWindow::GetDirectory(plugin://script.hello.world/) failed
18:36:05.244 T:1603007232  NOTICE: Length: 7
18:36:05.967 T:1603007232  NOTICE: 4
18:36:07.015 T:1603007232  NOTICE: Previous line repeats 1 times.
18:36:07.016 T:1603007232  NOTICE: 3
18:36:08.689 T:1603007232  NOTICE: Previous line repeats 1 times.
18:36:08.689 T:1603007232  NOTICE: 7
18:36:08.689 T:1603007232  NOTICE: Refreshing list
18:36:09.210 T:1603007232  NOTICE: 4
18:36:11.718 T:1603007232  NOTICE: Previous line repeats 3 times.
18:36:11.718 T:1603007232  NOTICE: 3
18:36:12.450 T:1603007232  NOTICE: 7
18:36:12.450 T:1603007232  NOTICE: Copying selected
18:36:12.867 T:1603007232  NOTICE: 3
18:36:14.433 T:1603007232  NOTICE: 10
18:36:14.638 T:1926167040   ERROR: GetDirectory - Error getting plugin://script.hello.world/
18:36:14.639 T:1926167040   ERROR: CGUIMediaWindow::GetDirectory(plugin://script.hello.world/) failed
18:36:52.047 T:1603007232  NOTICE: Length: 7
18:36:53.288 T:1603007232  NOTICE: 4
18:36:54.232 T:1603007232  NOTICE: Previous line repeats 1 times.
18:36:54.232 T:1603007232  NOTICE: 3
18:36:54.757 T:1603007232  NOTICE: 4
18:36:55.178 T:1603007232  NOTICE: 3
18:36:57.165 T:1603007232  NOTICE: 10
18:36:57.365 T:1926167040   ERROR: GetDirectory - Error getting plugin://script.hello.world/
18:36:57.366 T:1926167040   ERROR: CGUIMediaWindow::GetDirectory(plugin://script.hello.world/) failed
18:38:52.201 T:1603007232  NOTICE: Length: 7
18:38:53.136 T:1603007232  NOTICE: 4
18:38:53.767 T:1603007232  NOTICE: 3
18:38:54.398 T:1603007232  NOTICE: 4
18:38:54.820 T:1603007232  NOTICE: 3
18:38:57.232 T:1603007232  NOTICE: 10
18:38:57.446 T:1926167040   ERROR: GetDirectory - Error getting plugin://script.hello.world/
18:38:57.446 T:1926167040   ERROR: CGUIMediaWindow::GetDirectory(plugin://script.hello.world/) failed
18:39:11.890 T:1603007232  NOTICE: Length: 7
18:39:13.454 T:1603007232  NOTICE: 4
18:39:13.981 T:1603007232  NOTICE: 3
18:39:17.552 T:1603007232  NOTICE: 4
18:39:18.709 T:1603007232  NOTICE: 3
18:43:25.336 T:1603007232  NOTICE: 10
18:43:25.555 T:1926167040   ERROR: GetDirectory - Error getting plugin://script.hello.world/
18:43:25.555 T:1926167040   ERROR: CGUIMediaWindow::GetDirectory(plugin://script.hello.world/) failed
18:43:27.069 T:1678504704   ERROR: EXCEPTION Thrown (PythonToCppException) : -->Python callback/script returned the following error<--
                                             - NOTE: IGNORING THIS CAN LEAD TO MEMORY LEAKS!
                                            Error Type: <type 'exceptions.IndentationError'>
                                            Error Contents: ('expected an indented block', ('/home/osmc/.kodi/addons/script.hello.world/addon.py', 69, 7, '    def add_button(self, x, y, xLen, yLen, text, focusedColor, alignment, myFunc):\n'))
                                            IndentationError: ('expected an indented block', ('/home/osmc/.kodi/addons/script.hello.world/addon.py', 69, 7, '    def add_button(self, x, y, xLen, yLen, text, focusedColor, alignment, myFunc):\n'))
                                            -->End of Python script error report<--
18:43:27.076 T:1926167040   ERROR: GetDirectory - Error getting plugin://script.hello.world/
18:43:27.076 T:1926167040   ERROR: CGUIMediaWindow::GetDirectory(plugin://script.hello.world/) failed
18:43:28.515 T:1678504704   ERROR: EXCEPTION Thrown (PythonToCppException) : -->Python callback/script returned the following error<--
                                             - NOTE: IGNORING THIS CAN LEAD TO MEMORY LEAKS!
                                            Error Type: <type 'exceptions.IndentationError'>
                                            Error Contents: ('expected an indented block', ('/home/osmc/.kodi/addons/script.hello.world/addon.py', 69, 7, '    def add_button(self, x, y, xLen, yLen, text, focusedColor, alignment, myFunc):\n'))
                                            IndentationError: ('expected an indented block', ('/home/osmc/.kodi/addons/script.hello.world/addon.py', 69, 7, '    def add_button(self, x, y, xLen, yLen, text, focusedColor, alignment, myFunc):\n'))
                                            -->End of Python script error report<--
18:43:28.536 T:1926167040   ERROR: GetDirectory - Error getting plugin://script.hello.world/
18:43:28.536 T:1926167040   ERROR: CGUIMediaWindow::GetDirectory(plugin://script.hello.world/) failed
18:43:51.523 T:1678504704   ERROR: EXCEPTION Thrown (PythonToCppException) : -->Python callback/script returned the following error<--
                                             - NOTE: IGNORING THIS CAN LEAD TO MEMORY LEAKS!
                                            Error Type: <type 'exceptions.IndentationError'>
                                            Error Contents: ('expected an indented block', ('/home/osmc/.kodi/addons/script.hello.world/addon.py', 69, 7, '    def add_button(self, x, y, xLen, yLen, text, focusedColor, alignment, myFunc, column):\n'))
                                            IndentationError: ('expected an indented block', ('/home/osmc/.kodi/addons/script.hello.world/addon.py', 69, 7, '    def add_button(self, x, y, xLen, yLen, text, focusedColor, alignment, myFunc, column):\n'))
                                            -->End of Python script error report<--
18:43:51.543 T:1926167040   ERROR: GetDirectory - Error getting plugin://script.hello.world/
18:43:51.543 T:1926167040   ERROR: CGUIMediaWindow::GetDirectory(plugin://script.hello.world/) failed
